<?xml version="1.0" encoding="UTF-8"?>
<!-- Generated by org.testng.reporters.JUnitReportReporter -->
<testsuite hostname="DESKTOP-9RA4ELP" failures="0" tests="2" name="TestClass.testpage" time="0.065" errors="0" timestamp="2024-11-03T01:44:47 IST" skipped="0">
  <testcase classname="TestClass.testpage" name="testCase1" time="0.044"/>
  <system-out/>
  <testcase classname="TestClass.testpage" name="testCase2" time="0.021"/>
  <system-out/>
</testsuite> <!-- TestClass.testpage -->
