<?xml version="1.0" encoding="UTF-8"?>
<!-- Generated by org.testng.reporters.JUnitReportReporter -->
<testsuite hostname="DESKTOP-9RA4ELP" failures="0" tests="1" name="TestClass.SeleniumFrames" time="35.150" errors="0" timestamp="2024-11-07T09:36:05 IST" skipped="0">
  <testcase classname="TestClass.SeleniumFrames" name="testCase1" time="35.150"/>
  <system-out/>
</testsuite> <!-- TestClass.SeleniumFrames -->
