<?xml version="1.0" encoding="UTF-8"?>
<!-- Generated by org.testng.reporters.JUnitReportReporter -->
<testsuite hostname="DESKTOP-9RA4ELP" failures="0" tests="1" name="TestClass.SeleniumAlerts" time="29.890" errors="0" timestamp="2024-11-07T10:17:44 IST" skipped="0">
  <testcase classname="TestClass.SeleniumAlerts" name="testCase1" time="29.890"/>
  <system-out/>
</testsuite> <!-- TestClass.SeleniumAlerts -->
