<?xml version="1.0" encoding="UTF-8"?>
<!-- Generated by org.testng.reporters.JUnitReportReporter -->
<testsuite hostname="DESKTOP-9RA4ELP" failures="0" tests="1" name="TestClass.LoginTestClass" time="44.425" errors="0" timestamp="2024-11-22T06:18:33 IST" skipped="0">
  <testcase classname="TestClass.LoginTestClass" name="testCase1" time="44.425"/>
  <system-out/>
</testsuite> <!-- TestClass.LoginTestClass -->
