<?xml version="1.0" encoding="UTF-8"?>
<!-- Generated by org.testng.reporters.JUnitReportReporter -->
<testsuite hostname="DESKTOP-9RA4ELP" failures="0" tests="1" name="TestClass.SeleniumAjaxCall" time="32.862" errors="0" timestamp="2024-11-08T06:47:23 IST" skipped="0">
  <testcase classname="TestClass.SeleniumAjaxCall" name="testCase1" time="32.862"/>
  <system-out/>
</testsuite> <!-- TestClass.SeleniumAjaxCall -->
