<?xml version="1.0" encoding="UTF-8"?>
<!-- Generated by org.testng.reporters.JUnitReportReporter -->
<testsuite hostname="DESKTOP-9RA4ELP" failures="0" tests="1" name="TestClass.SeleniumHiddenElements" time="61.142" errors="0" timestamp="2024-11-22T00:01:44 IST" skipped="0">
  <testcase classname="TestClass.SeleniumHiddenElements" name="testCase1" time="61.142"/>
  <system-out/>
</testsuite> <!-- TestClass.SeleniumHiddenElements -->
