<?xml version="1.0" encoding="UTF-8"?>
<!-- Generated by org.testng.reporters.JUnitReportReporter -->
<testsuite hostname="DESKTOP-9RA4ELP" failures="0" tests="2" name="TestClass.testpage" time="0.009" errors="0" timestamp="2024-11-03T09:54:28 IST" skipped="0">
  <testcase classname="TestClass.testpage" name="testCase1" time="0.003"/>
  <system-out/>
  <testcase classname="TestClass.testpage" name="testCase2" time="0.006"/>
  <system-out/>
</testsuite> <!-- TestClass.testpage -->
