<?xml version="1.0" encoding="UTF-8"?>
<!-- Generated by org.testng.reporters.JUnitReportReporter -->
<testsuite hostname="DESKTOP-9RA4ELP" failures="0" tests="1" name="TestClass.LoginTestClass" time="33.138" errors="0" timestamp="2024-11-04T08:25:54 IST" skipped="0">
  <testcase classname="TestClass.LoginTestClass" name="testCase1" time="33.138"/>
  <system-out/>
</testsuite> <!-- TestClass.LoginTestClass -->
